C51 COMPILER V9.52.0.0   8                                                                 03/10/2017 09:05:12 PAGE 1   


C51 COMPILER V9.52.0.0, COMPILATION OF MODULE 8
OBJECT MODULE PLACED IN 8.OBJ
COMPILER INVOKED BY: E:\keil4\C51\BIN\C51.EXE 8.c BROWSE DEBUG OBJECTEXTEND TABS(2)

line level    source

   1          /********************************
   2          **名称：动态扫描显示实验
   3          **功能：在共阳数码管上动态显示“01234567”
   4          **时间：2017.3.10
   5          *********************************/
   6          #include<reg52.h>
   7          #include<intrins.h> //内部函数  头文件
   8                    //将第一个参数循环左（右）移n（第二个参数）位
   9          unsigned char code tab[]={0xc0,0xf9,0xa4,0xb0,0x99,0x92,0x82,0xf8,
  10                    0x80,0x90,0x88,0x83,0xc6,0xa1,0x86,0x8e,0xff};
  11                          //共阳数码管段码0-9，a-f，灰
  12          unsigned char dat[]={0,1,2,3,4,5,6,7};//需要显示的数据
  13          void display(unsigned char *pl,tem);
  14          void delayms(unsigned char t);
  15          void main(void)
  16          {
  17   1        while(1)
  18   1        {
  19   2          display(dat,8);
  20   2        }
  21   1      }
  22          
  23          /********************************************************
  24          **名称：显示子函数       
  25          **功能：动态扫描P2口做为位选，P0口送段码
  26          **输入：pl指向要显示数据的地址，tem要显示的位数
  27          **返回：无
  28          *******************************************************/
  29          void display(unsigned char *pl,tem)
  30          {
  31   1        unsigned char i,dt;
  32   1        P2=0x01;
  33   1        dt=0x01;
  34   1        for(i=0;i<tem;i++)
  35   1        {
  36   2          P0=tab[*(pl+i)];
  37   2          delayms(10);  //延时太长，会出现闪烁
  38   2          dt=_crol_ (dt,1);
  39   2          P2=dt;
  40   2          P0=0xff;    
  41   2        }      
  42   1      }
  43          void delayms(unsigned char t)
  44          {
  45   1        unsigned char x,y;
  46   1        for(x=t;x>0;x--)
  47   1          for(y=110;y>0;y--);
  48   1      }


MODULE INFORMATION:   STATIC OVERLAYABLE
   CODE SIZE        =    112    ----
   CONSTANT SIZE    =     17    ----
   XDATA SIZE       =   ----    ----
   PDATA SIZE       =   ----    ----
C51 COMPILER V9.52.0.0   8                                                                 03/10/2017 09:05:12 PAGE 2   

   DATA SIZE        =      8       7
   IDATA SIZE       =   ----    ----
   BIT SIZE         =   ----    ----
END OF MODULE INFORMATION.


C51 COMPILATION COMPLETE.  0 WARNING(S),  0 ERROR(S)
