C51 COMPILER V9.52.0.0   PXH                                                               03/10/2017 15:44:51 PAGE 1   


C51 COMPILER V9.52.0.0, COMPILATION OF MODULE PXH
OBJECT MODULE PLACED IN pxh.OBJ
COMPILER INVOKED BY: E:\keil4\C51\BIN\C51.EXE pxh.c BROWSE DEBUG OBJECTEXTEND TABS(2)

line level    source

   1          /******************************************************************************
   2          **名称：矩阵式键盘实验
   3          **功能：按键按下时，在数码管第一位显示相应的值0～F
   4          **时间：2017.3.10
   5          ********************************************************************************/
   6          #include<reg52.h>
   7          #include<intrins.h>
   8          #define uchar unsigned char
   9          
  10          uchar code tab[]={0xc0,0xf9,0xa4,0xb0,0x99,0x92,0x82,0xf8,
  11                    0x80,0x90,0x88,0x83,0xc6,0xa1,0x86,0x8e,0xff};
  12                          //共阳数码管段码0-9，a-f，灰
  13          uchar num=16,keydat=16;
  14          uchar keyscan();
  15          void display(uchar *pl);
  16          void delayms(uchar t);
  17          void main(void)
  18          {
  19   1        while(1)
  20   1        {
  21   2          keydat=keyscan();
  22   2          display(&keydat);   
  23   2        }
  24   1      }
  25          /*************************************************
  26          **名    称：矩阵键盘扫描函数
  27          **入口参数：无
  28          **返 回 值：按下键的 键值
  29          *************************************************/
  30          uchar keyscan()
  31          {
  32   1        P3=0xfe;
  33   1        if(P3!=0xfe)
  34   1        {
  35   2          delayms(10);
  36   2          if(P3!=0xfe)
  37   2          {
  38   3            switch(P3)
  39   3            {
  40   4              case 0xee : num=0;
  41   4                    break;
  42   4              case 0xde : num=1;
  43   4                    break;
  44   4              case 0xbe : num=2;
  45   4                    break;
  46   4              case 0x7e : num=3;
  47   4                    break;
  48   4            }
  49   3          }
  50   2        }
  51   1      
  52   1        P3=0xfd;
  53   1        if(P3!=0xfd)
  54   1        {
  55   2          delayms(10);
C51 COMPILER V9.52.0.0   PXH                                                               03/10/2017 15:44:51 PAGE 2   

  56   2          if(P3!=0xfd)
  57   2          {
  58   3            switch(P3)
  59   3            {
  60   4              case 0xed : num=4;
  61   4                    break;
  62   4              case 0xdd : num=5;
  63   4                    break;
  64   4              case 0xbd : num=6;
  65   4                    break;
  66   4              case 0x7d : num=7;
  67   4                    break;
  68   4            }
  69   3          }
  70   2        }
  71   1      
  72   1        P3=0xfb;
  73   1        if(P3!=0xfb)
  74   1        {
  75   2          delayms(10);
  76   2          if(P3!=0xfb)
  77   2          {
  78   3            switch(P3)
  79   3            {
  80   4              case 0xeb : num=8;
  81   4                    break;
  82   4              case 0xdb : num=9;
  83   4                    break;
  84   4              case 0xbb : num=10;
  85   4                    break;
  86   4              case 0x7b : num=11;
  87   4                    break;
  88   4            }
  89   3          }
  90   2        }
  91   1      
  92   1        P3=0xf7;
  93   1        if(P3!=0xf7)
  94   1        {
  95   2          delayms(10);
  96   2          if(P3!=0xf7)
  97   2          {
  98   3            switch(P3)
  99   3            {
 100   4              case 0xe7 : num=12;
 101   4                    break;
 102   4              case 0xd7 : num=13;
 103   4                    break;
 104   4              case 0xb7 : num=14;
 105   4                    break;
 106   4              case 0x77 : num=15;
 107   4                    break;
 108   4            }
 109   3          }
 110   2        }
 111   1      
 112   1        return num;
 113   1        
 114   1      }
 115          /********************************************************
 116          **名称：显示子函数       
 117          **功能：动态扫描P2口做为位选，P0口送段码
C51 COMPILER V9.52.0.0   PXH                                                               03/10/2017 15:44:51 PAGE 3   

 118          **输入：pl指向要显示数据的地址，最后一位
 119          **返回：无
 120          *******************************************************/
 121          void display(unsigned char *pl)
 122          {
 123   1        P2=0x01;
 124   1        P0=tab[*pl]; 
 125   1        delayms(5);
 126   1        P0=0xff;     
 127   1      }
 128          void delayms(uchar t)
 129          {
 130   1        uchar x,y;
 131   1        for(x=t;x>0;x--)
 132   1          for(y=110;y>0;y--);
 133   1      }


MODULE INFORMATION:   STATIC OVERLAYABLE
   CODE SIZE        =    282    ----
   CONSTANT SIZE    =     17    ----
   XDATA SIZE       =   ----    ----
   PDATA SIZE       =   ----    ----
   DATA SIZE        =      2    ----
   IDATA SIZE       =   ----    ----
   BIT SIZE         =   ----    ----
END OF MODULE INFORMATION.


C51 COMPILATION COMPLETE.  0 WARNING(S),  0 ERROR(S)
