C51 COMPILER V9.52.0.0   1302                                                              10/24/2019 14:38:58 PAGE 1   


C51 COMPILER V9.52.0.0, COMPILATION OF MODULE 1302
OBJECT MODULE PLACED IN 1302.OBJ
COMPILER INVOKED BY: E:\Keil4\C51\BIN\C51.EXE 1302.c BROWSE DEBUG OBJECTEXTEND TABS(2)

line level    source

   1          #include "1302.h"
   2          void v_RTInputByte(unsigned char ucDa) 
   3          { 
   4   1        unsigned char i;
   5   1        ACC = ucDa;
   6   1        for(i=8; i>0; i--)
   7   1        {
   8   2          T_IO = ACC0; /*相当于汇编中的 RRC */
   9   2          T_CLK = 1;
  10   2          T_CLK = 0;
  11   2          ACC = ACC >> 1; 
  12   2        } 
  13   1      }
  14          
  15          
  16          /******************************************************************** 
  17          *
  18          * 名称: unsigned char uc_RTOutputByte
  19          * 说明: 
  20          * 功能: 从DS1302读取1Byte数据
  21          * 调用: 
  22          * 输入: 
  23          * 返回值: ACC
  24          ***********************************************************************/
  25          unsigned char uc_RTOutputByte(void) 
  26          { 
  27   1        unsigned char i;
  28   1        for(i=8; i>0; i--)
  29   1        {
  30   2          ACC = ACC >>1; /*相当于汇编中的 RRC */
  31   2          ACC7 = T_IO;
  32   2          T_CLK = 1;
  33   2          T_CLK = 0;
  34   2        } 
  35   1        return(ACC); 
  36   1      }
  37          
  38          
  39          /******************************************************************** 
  40          *
  41          * 名称: v_W1302
  42          * 说明: 先写地址，后写命令/数据
  43          * 功能: 往DS1302写入数据
  44          * 调用: v_RTInputByte() 
  45          * 输入: ucAddr: DS1302地址, ucDa: 要写的数据
  46          * 返回值: 无
  47          ***********************************************************************/
  48          void v_W1302(unsigned char ucAddr, unsigned char ucDa)
  49          {
  50   1        T_RST = 0;
  51   1        T_CLK = 0;
  52   1        T_RST = 1;
  53   1        v_RTInputByte(ucAddr); /* 地址，命令 */
  54   1        v_RTInputByte(ucDa); /* 写1Byte数据*/
  55   1        T_CLK = 1;
C51 COMPILER V9.52.0.0   1302                                                              10/24/2019 14:38:58 PAGE 2   

  56   1        T_RST =0;
  57   1      } 
  58          
  59          
  60          /******************************************************************** 
  61          *
  62          * 名称: uc_R1302
  63          * 说明: 先写地址，后读命令/数据
  64          * 功能: 读取DS1302某地址的数据
  65          * 调用: v_RTInputByte() , uc_RTOutputByte()
  66          * 输入: ucAddr: DS1302地址
  67          * 返回值: ucDa :读取的数据
  68          ***********************************************************************/
  69          unsigned char uc_R1302(unsigned char ucAddr)
  70          {
  71   1        unsigned char ucDa;
  72   1        T_RST = 0;
  73   1        T_CLK = 0;
  74   1        T_RST = 1;
  75   1        v_RTInputByte(ucAddr); /* 地址，命令 */
  76   1        ucDa = uc_RTOutputByte(); /* 读1Byte数据 */
  77   1        T_CLK = 1;
  78   1        T_RST =0;
  79   1        return(ucDa);
  80   1      }
  81          
  82          /******************************************************************** 
  83          *
  84          * 名称: v_Set1302
  85          * 说明: 
  86          * 功能: 设置初始时间
  87          * 调用: v_W1302() 
  88          * 输入: pSecDa: 初始时间地址。初始时间格式为: 秒 分 时 日 月 星期 年 
  89          * 7Byte (BCD码) 1B 1B 1B 1B 1B 1B 1B
  90          * 返回值: 无
  91          ***********************************************************************/
  92          void v_Set1302(unsigned char *pSecDa) 
  93          {
  94   1        unsigned char i;
  95   1        unsigned char ucAddr = 0x80; 
  96   1        v_W1302(0x8e,0x00); /* 控制命令,WP=0,写操作?*/
  97   1        for(i =7;i>0;i--)
  98   1        { 
  99   2          v_W1302(ucAddr,*pSecDa); /* 秒 分 时 日 月 星期 年 */
 100   2      
 101   2          pSecDa++;
 102   2          ucAddr +=2;
 103   2        }
 104   1        v_W1302(0x8e,0x80); /* 控制命令,WP=1,写保护?*/
 105   1      }
 106          
 107          
 108          /******************************************************************** 
 109          *
 110          * 名称: v_Get1302
 111          * 说明: 
 112          * 功能: 读取DS1302当前时间
 113          * 调用: uc_R1302() 
 114          * 输入: ucCurtime: 保存当前时间地址。当前时间格式为: 秒 分 时 日 月 星期 年 
 115          * 7Byte (BCD码) 1B 1B 1B 1B 1B 1B 1B
 116          * 返回值: 无
 117          ***********************************************************************/
C51 COMPILER V9.52.0.0   1302                                                              10/24/2019 14:38:58 PAGE 3   

 118          void v_Get1302(unsigned char ucCurtime[]) 
 119          {
 120   1        unsigned char i;
 121   1        unsigned char ucAddr = 0x81;
 122   1        for (i=0;i<7;i++)
 123   1        {
 124   2          ucCurtime[i] = uc_R1302(ucAddr);/*格式为: 秒 分 时 日 月 星期 年 */
 125   2          ucAddr += 2;
 126   2        }
 127   1      } 


MODULE INFORMATION:   STATIC OVERLAYABLE
   CODE SIZE        =    142    ----
   CONSTANT SIZE    =   ----    ----
   XDATA SIZE       =   ----    ----
   PDATA SIZE       =   ----    ----
   DATA SIZE        =   ----       4
   IDATA SIZE       =   ----    ----
   BIT SIZE         =   ----    ----
END OF MODULE INFORMATION.


C51 COMPILATION COMPLETE.  0 WARNING(S),  0 ERROR(S)
