C51 COMPILER V9.00   KEY                                                                   06/07/2011 08:27:48 PAGE 1   


C51 COMPILER V9.00, COMPILATION OF MODULE KEY
OBJECT MODULE PLACED IN Key.OBJ
COMPILER INVOKED BY: D:\Program Files\Keil C51 V9.00\C51\BIN\C51.EXE Key.c BROWSE DEBUG OBJECTEXTEND

line level    source

   1          #include "Key.h"
   2          extern SPK;
   3          
   4          extern l_keydat;
   5          
   6          code unsigned char key_tab[17]={0xee,0xde,0xbe,0x7e,
   7                                                                          0xed,0xdd,0xbd,0x7d,
   8                                                                          0xeb,0xdb,0xbb,0x7b,
   9                                                                          0xe7,0xd7,0xb7,0x77,0XFF};
  10          /***********扫描键盘 获取键值********************************************************/
  11          //这个子函数有一个不好的地方，就是在键盘上连续按两次相同的键，第二次的就被屏蔽了――pxh
  12          void ReadKey(void)                              //分三个部份来理解，
  13          {
  14   1              unsigned char i,j,lkey;
  15   1                                                                              
  16   1              //**************第一部份，扫描读取键值******************************/
  17   1              j=0xfe;
  18   1              lkey=0xff;                                      //设定初值
  19   1              for (i=0;i<4;i++)
  20   1              {               
  21   2                      P1=j;                                   //P0口低4位循环输出0，扫描键盘
  22   2                      if ((P1&0xf0)!=0xf0)
  23   2                      {       //如果有键按下，P0口高4位不会全等于1，即十六进制F，                                                                     
  24   3                              lkey=P1;                                //读取P0口，退出循环，否则循环下次
  25   3                              break;          
  26   3                      }
  27   2                      j=_crol_(j,1);                  //此函数功能为左循环移位
  28   2              }
  29   1      
  30   1              /****************第二部份，检测是否干扰或无按键按下********************/
  31   1              if (lkey==0xff)
  32   1              {                               //如果读取不到P0口的值，比如是干扰或是键盘已松开，我们做相应复位，返回
  33   2                      SPK=1;                                  //按键有松开,停止蜂鸣器响
  34   2                      return;
  35   2              }
  36   1              else
  37   1                      SPK=0;                                  //否则打开蜂鸣器，继续处理
  38   1      
  39   1              /****************第三部份，检测是否新按键按下，获取新的键盘编码值*******/               
  40   1                      for(i=0;i<16;i++)
  41   1                      {               //查表获得相应的16进制值存放l_key变量中
  42   2                              if (lkey==key_tab[i])
  43   2                              {
  44   3                                      l_keydat=i;
  45   3                                      break;
  46   3                              }
  47   2                      }
  48   1              }
  49                  //转换回的键值放于l_key变量中，主程序就可以检测此变量做相应外理


MODULE INFORMATION:   STATIC OVERLAYABLE
   CODE SIZE        =     71    ----
   CONSTANT SIZE    =     17    ----
   XDATA SIZE       =   ----    ----
C51 COMPILER V9.00   KEY                                                                   06/07/2011 08:27:48 PAGE 2   

   PDATA SIZE       =   ----    ----
   DATA SIZE        =   ----    ----
   IDATA SIZE       =   ----    ----
   BIT SIZE         =   ----    ----
END OF MODULE INFORMATION.


C51 COMPILATION COMPLETE.  0 WARNING(S),  0 ERROR(S)
