C51 COMPILER V9.52.0.0   PXH                                                               03/09/2017 16:18:23 PAGE 1   


C51 COMPILER V9.52.0.0, COMPILATION OF MODULE PXH
OBJECT MODULE PLACED IN pxh.OBJ
COMPILER INVOKED BY: E:\keil4\C51\BIN\C51.EXE pxh.c BROWSE DEBUG OBJECTEXTEND TABS(2)

line level    source

   1          /********************************
   2          **名称：静态串行显示实验
   3          **功能：在共阳数码管上静态显示“qs”
   4          **时间：2017.3.9
   5          *********************************/
   6          #include<reg52.h>
   7          #define uchar unsigned char
   8          uchar code tab[]={0x19,0x49};//q,s
   9          void main(void)
  10          {
  11   1        uchar i;
  12   1        SCON=0x00;
  13   1        for(i=2;i>0;i--)
  14   1        {
  15   2          SBUF=tab[i-1];   //移位寄存器级联
  16   2          while(!TI);
  17   2          TI=0;
  18   2        }
  19   1          while(1); 
  20   1      }
  21          /***********************************
  22          利用串行口在工作方式0，扩展并行I/O口，
  23          8位数据为1帧，低位在前，高位在后。波
  24          特率固定，为Fosc/12。
  25          ************************************/


MODULE INFORMATION:   STATIC OVERLAYABLE
   CODE SIZE        =     21    ----
   CONSTANT SIZE    =      2    ----
   XDATA SIZE       =   ----    ----
   PDATA SIZE       =   ----    ----
   DATA SIZE        =   ----    ----
   IDATA SIZE       =   ----    ----
   BIT SIZE         =   ----    ----
END OF MODULE INFORMATION.


C51 COMPILATION COMPLETE.  0 WARNING(S),  0 ERROR(S)
