C51 COMPILER V9.52.0.0   PXH                                                               03/14/2017 10:15:43 PAGE 1   


C51 COMPILER V9.52.0.0, COMPILATION OF MODULE PXH
OBJECT MODULE PLACED IN pxh.OBJ
COMPILER INVOKED BY: E:\keil4\C51\BIN\C51.EXE pxh.c BROWSE DEBUG OBJECTEXTEND TABS(2)

line level    source

   1          /*************************************************
   2          **名称：串行数转换并行数实验(模拟串口)
   3          **功能：用普通3个IO口和164扩展8位的IO口
   4          **时间：2017.3.14
   5          *************************************************/
   6          #include<reg52.h>
   7          #include<intrins.h>
   8          
   9          /*IO口与164之间接口定义*/
  10          sbit dat=P1^1;
  11          sbit clk=P1^2;
  12          sbit clr=P1^0;
  13           
  14          void sendbyte(unsigned char byte);
  15          void delayms(unsigned int t);
  16          void main(void)
  17          {
  18   1        unsigned char y;
  19   1        clr=1;
  20   1        y=0x80;
  21   1        while(1)
  22   1        {
  23   2          sendbyte(y);
  24   2          y=_cror_(y,1);
  25   2          delayms(500);
  26   2        }
  27   1          
  28   1      }
  29          
  30          void sendbyte(unsigned char byte)
  31          {
  32   1        unsigned char i,temp;
  33   1        temp=byte;
  34   1        for(i=0;i<8;i++)
  35   1        {
  36   2          clk=0;
  37   2          temp>>=1;  /*模拟串口最低位先输出*/
  38   2          if(CY)
  39   2            dat=1;
  40   2          else
  41   2            dat=0;
  42   2          _nop_();
  43   2          _nop_();
  44   2          _nop_();
  45   2          clk=1;
  46   2        }
  47   1      }
  48          
  49          void delayms(unsigned int t)
  50          {
  51   1        unsigned char y;
  52   1        unsigned int x;
  53   1        for(x=t;x>0;x--)
  54   1          for(y=110;y>0;y--);
  55   1      }
C51 COMPILER V9.52.0.0   PXH                                                               03/14/2017 10:15:43 PAGE 2   



MODULE INFORMATION:   STATIC OVERLAYABLE
   CODE SIZE        =     80    ----
   CONSTANT SIZE    =   ----    ----
   XDATA SIZE       =   ----    ----
   PDATA SIZE       =   ----    ----
   DATA SIZE        =   ----       1
   IDATA SIZE       =   ----    ----
   BIT SIZE         =   ----    ----
END OF MODULE INFORMATION.


C51 COMPILATION COMPLETE.  0 WARNING(S),  0 ERROR(S)
