C51 COMPILER V9.52.0.0   PXH                                                               03/13/2017 10:39:02 PAGE 1   


C51 COMPILER V9.52.0.0, COMPILATION OF MODULE PXH
OBJECT MODULE PLACED IN pxh.OBJ
COMPILER INVOKED BY: E:\keil4\C51\BIN\C51.EXE pxh.c BROWSE DEBUG OBJECTEXTEND TABS(2)

line level    source

   1          /******************************************************************************
   2          **名称：单片机与PC机的RS232串行通信实验
   3          **功能：用STC_ISP_V6.85.exe的串口助手 发送数据，然后再数码管上会显示发送的数0――f
   4          **时间：2017.3.13
   5          ********************************************************************************/
   6          #include<reg52.h>
   7          
   8          unsigned char temp;
   9          
  10          unsigned char code tab[]={0xc0,0xf9,0xa4,0xb0,0x99,0x92,0x82,0xf8,
  11                    0x80,0x90,0x88,0x83,0xc6,0xa1,0x86,0x8e,0xff};
  12                          //共阳数码管段码0-9，a-f，灰
  13          void init(void);
  14          void display(unsigned char dat);
  15          void delayms(unsigned char t);
  16          
  17          void main()
  18          {
  19   1        init();
  20   1        while(1)
  21   1        {
  22   2          display(temp);
  23   2        }
  24   1      }
  25          
  26          void init(void)
  27          {
  28   1        TMOD=0x20;   //T1工作模式2
  29   1        TH1=0xfd;  //波特率9600 
  30   1        TL1=0xfd;
  31   1        SCON=0x40;   //串口模式1 
  32   1        PCON=0x00;   //波特率不倍增 
  33   1        REN=1;
  34   1        EA=1;
  35   1        ES=1;
  36   1        ET1=0;
  37   1        TR1=1;
  38   1      }
  39          void ser() interrupt 4
  40          {
  41   1        //if(RI==0) return;
  42   1        ES=0;
  43   1        RI=0;
  44   1        temp=SBUF;    //接收
  45   1        ES=1; 
  46   1      }
  47          void display(unsigned char dat)
  48          {
  49   1        P2=0x01;
  50   1        P0=tab[dat]; 
  51   1        delayms(5);
  52   1        P0=0xff;     
  53   1      }
  54          void delayms(unsigned char t)
  55          {
C51 COMPILER V9.52.0.0   PXH                                                               03/13/2017 10:39:02 PAGE 2   

  56   1        unsigned char x,y;
  57   1        for(x=t;x>0;x--)
  58   1          for(y=110;y>0;y--);
  59   1      }


MODULE INFORMATION:   STATIC OVERLAYABLE
   CODE SIZE        =     79    ----
   CONSTANT SIZE    =     17    ----
   XDATA SIZE       =   ----    ----
   PDATA SIZE       =   ----    ----
   DATA SIZE        =      1    ----
   IDATA SIZE       =   ----    ----
   BIT SIZE         =   ----    ----
END OF MODULE INFORMATION.


C51 COMPILATION COMPLETE.  0 WARNING(S),  0 ERROR(S)
