C51 COMPILER V9.52.0.0   PXH                                                               03/09/2017 11:04:48 PAGE 1   


C51 COMPILER V9.52.0.0, COMPILATION OF MODULE PXH
OBJECT MODULE PLACED IN pxh.OBJ
COMPILER INVOKED BY: E:\keil4\C51\BIN\C51.EXE pxh.c BROWSE DEBUG OBJECTEXTEND TABS(2)

line level    source

   1          /********************************************************************
   2          **名称：计时器实验
   3          **功能：在动态显示的左边两位显示秒0-59
   4          **时间：2017.3.9
   5          ********************************************************************/
   6          #include<reg52.h>
   7          #include<intrins.h>
   8          
   9          unsigned char count,second;
  10          unsigned char code tab[]={0xc0,0xf9,0xa4,0xb0,0x99,0x92,0x82,0xf8,
  11                    0x80,0x90,0x88,0x83,0xc6,0xa1,0x86,0x8e,0xff};
  12                          //共阳数码管段码0-9，a-f，灰
  13          unsigned char teptab[]={0xff,0xff};
  14          
  15          void init(void);
  16          void display(unsigned char *pl);
  17          void delayms(unsigned char t);
  18          
  19          void main()
  20          {
  21   1        init();
  22   1        while(1)
  23   1        {
  24   2          teptab[0]=second%10;
  25   2          teptab[1]=second/10;
  26   2          display(teptab);
  27   2        }
  28   1      }
  29          
  30          void init(void)
  31          {
  32   1        TMOD=0x01;
  33   1        TH0=0x3c;
  34   1        TL0=0xb0;
  35   1        ET0=1;
  36   1        EA=1;
  37   1        TR0=1;
  38   1      }
  39          
  40          void time0() interrupt 1 
  41          {
  42   1        TH0=0x3c;
  43   1        TL0=0xb0;
  44   1        count++;
  45   1        if(count==20)
  46   1        {
  47   2          count=0;
  48   2          second++;
  49   2          if(second==60)
  50   2            second=0;
  51   2        }
  52   1      }
  53          
  54          /********************************************************
  55          **名称：显示子函数       
C51 COMPILER V9.52.0.0   PXH                                                               03/09/2017 11:04:48 PAGE 2   

  56          **功能：动态扫描P2口做为位选，P0口送段码
  57          **输入：pl指向要显示数据的地址，只显示右边的2位
  58          **返回：无
  59          *******************************************************/
  60          void display(unsigned char *pl)
  61          { 
  62   1        P2=0x02;
  63   1        P0=tab[*pl];
  64   1        delayms(20);
  65   1        P0=0xff;
  66   1        P2=0x01;
  67   1        P0=tab[*(pl+1)];
  68   1        delayms(20);
  69   1        P0=0xff;     
  70   1      }
  71          void delayms(unsigned char t)
  72          {
  73   1        unsigned char x,y;
  74   1        for(x=t;x>0;x--)
  75   1          for(y=110;y>0;y--);
  76   1      }


MODULE INFORMATION:   STATIC OVERLAYABLE
   CODE SIZE        =    144    ----
   CONSTANT SIZE    =     17    ----
   XDATA SIZE       =   ----    ----
   PDATA SIZE       =   ----    ----
   DATA SIZE        =      4       3
   IDATA SIZE       =   ----    ----
   BIT SIZE         =   ----    ----
END OF MODULE INFORMATION.


C51 COMPILATION COMPLETE.  0 WARNING(S),  0 ERROR(S)
