C51 COMPILER V9.52.0.0   PXH                                                               03/08/2017 17:33:33 PAGE 1   


C51 COMPILER V9.52.0.0, COMPILATION OF MODULE PXH
OBJECT MODULE PLACED IN pxh.OBJ
COMPILER INVOKED BY: E:\keil4\C51\BIN\C51.EXE pxh.c BROWSE DEBUG OBJECTEXTEND TABS(2)

line level    source

   1          /**************************************************************************************
   2          **名称：定时器实验
   3          **功能：由单片机内部定时器1，按方式1工作，即作为16位定时器使用每0.05秒钟T1溢出中断一次。
   4              P1口的P1.0-P1.7分别接八个发光二极管。编写程序模拟一时序控制装置。上电后第一秒钟
   5              L1，L3亮  ，第二秒钟L2，L4亮，第三秒钟L5，L7亮，第四秒钟L6，L8亮，第五秒L1，
   6              L3，L5，L7亮，第六秒  钟L2，L4，L6，L8亮，第七秒钟八个二极管全亮，第八秒钟全
   7              灭，以后又从头开始，L1，L3亮，  然后L2，L4亮......一直循环下去。
   8          **时间：2017.3.8
   9          *************************************************************************************/
  10          #include<reg52.h>
  11          
  12          unsigned char nCount,flog;
  13          unsigned char code tab[]={0x05,0x0a,0x50,0xa0,0x55,0xaa,0xff,0x00};
  14          void init();
  15          void main()
  16          {
  17   1        unsigned char i;
  18   1        P1=0x00;
  19   1        init();
  20   1        while(1)
  21   1        {
  22   2          if(flog==1)
  23   2          {
  24   3            P1=tab[i++];
  25   3            if(i==8)
  26   3              i=0;
  27   3            flog=0;
  28   3          }
  29   2            
  30   2        }
  31   1      }
  32          
  33          void init()
  34          {
  35   1        TMOD=0x10;
  36   1        TH0=0x3c;
  37   1        TL0=0xb0;
  38   1        EA=1;
  39   1        ET1=1;
  40   1        TR1=1;
  41   1      }
  42          
  43          void time1() interrupt 3
  44          {
  45   1        TH0=0x3c;
  46   1        TL0=0xb0;
  47   1        nCount++;
  48   1        if(nCount==20)
  49   1        {
  50   2          nCount=0;
  51   2          flog=1;
  52   2        }
  53   1      }


C51 COMPILER V9.52.0.0   PXH                                                               03/08/2017 17:33:33 PAGE 2   

MODULE INFORMATION:   STATIC OVERLAYABLE
   CODE SIZE        =     79    ----
   CONSTANT SIZE    =      8    ----
   XDATA SIZE       =   ----    ----
   PDATA SIZE       =   ----    ----
   DATA SIZE        =      2       1
   IDATA SIZE       =   ----    ----
   BIT SIZE         =   ----    ----
END OF MODULE INFORMATION.


C51 COMPILATION COMPLETE.  0 WARNING(S),  0 ERROR(S)
