C51 COMPILER V9.52.0.0   PXH                                                               03/08/2017 17:31:28 PAGE 1   


C51 COMPILER V9.52.0.0, COMPILATION OF MODULE PXH
OBJECT MODULE PLACED IN pxh.OBJ
COMPILER INVOKED BY: E:\keil4\C51\BIN\C51.EXE pxh.c BROWSE DEBUG OBJECTEXTEND TABS(2)

line level    source

   1          /********************************
   2          **名称：广告灯实验
   3          **功能：LED左移动,然后右移动  循环下去
   4          **时间：2017.3.8
   5          *********************************/
   6          #include <reg52.h>
   7          
   8          unsigned char tab[]={0x01,0x02,0x04,0x08,0x10,0x20,0x40,0x80,0x81,0x42,0x24,0x18};
   9          
  10          void delay(unsigned char t);
  11          
  12          void main(void)
  13          {
  14   1        unsigned char i;
  15   1        while(1)
  16   1        {
  17   2          for(i=0;i<8;i++)
  18   2          {
  19   3            P1=tab[i];
  20   3            delay(1000);
  21   3            delay(1000);
  22   3          
  23   3          }
  24   2          for(i=0;i<8;i++)
  25   2          {
  26   3            P1=tab[7-i];
  27   3            delay(1000);
  28   3            delay(1000);
  29   3            
  30   3          }           
  31   2          for(i=8;i<12;i++)
  32   2          {
  33   3            P1=tab[i];
  34   3            delay(1000);
  35   3            delay(1000);
  36   3            delay(1000);
  37   3            delay(1000);
  38   3            delay(1000);
  39   3            
  40   3          }
  41   2            for(i=11;i>7;i--)
  42   2          {
  43   3            P1=tab[i];
  44   3            delay(1000);
  45   3            delay(1000);
  46   3            delay(1000);
  47   3            delay(1000);
  48   3            delay(1000);
  49   3          }           
  50   2        } 
  51   1      
  52   1      }
  53          
  54          void delay(unsigned int t)
  55          {
C51 COMPILER V9.52.0.0   PXH                                                               03/08/2017 17:31:28 PAGE 2   

*** WARNING C235 IN LINE 55 OF pxh.c: parameter 1: different types
  56   1        unsigned char j;
  57   1        unsigned int i;
  58   1        for(i=t;i>0;i--)
  59   1          for(j=110;j>0;j--);   
  60   1      }


MODULE INFORMATION:   STATIC OVERLAYABLE
   CODE SIZE        =    150    ----
   CONSTANT SIZE    =   ----    ----
   XDATA SIZE       =   ----    ----
   PDATA SIZE       =   ----    ----
   DATA SIZE        =     12       1
   IDATA SIZE       =   ----    ----
   BIT SIZE         =   ----    ----
END OF MODULE INFORMATION.


C51 COMPILATION COMPLETE.  1 WARNING(S),  0 ERROR(S)
