C51 COMPILER V9.59.0.0   PXH                                                               05/17/2017 15:23:03 PAGE 1   


C51 COMPILER V9.59.0.0, COMPILATION OF MODULE PXH
OBJECT MODULE PLACED IN pxh.OBJ
COMPILER INVOKED BY: C:\Keil_v5\C51\BIN\C51.EXE pxh.c OPTIMIZE(8,SPEED) BROWSE DEBUG OBJECTEXTEND TABS(2)

line level    source

   1          /********************************************************
   2          **名称：DAC0832数模转换实验
   3          **功能：发光二极管有灭逐渐到亮,再由亮逐渐到灭.
   4          **时间：2017.3.14
   5          *********************************************************/
   6          #include<reg52.h>
   7          #include<intrins.h>
   8          sbit CS=P2^7;
   9          sbit WR1=P3^6;
  10          
  11          void delayms(unsigned char t);
  12          void main(void)
  13          {
  14   1        unsigned char i;
  15   1        CS=0;
  16   1        WR1=0;
  17   1        while(1)
  18   1        {
  19   2          for(i=0;i<50;i++)
  20   2          {
  21   3            WR1=1;
  22   3            P0=i;
  23   3            _nop_();
  24   3            WR1=0;
  25   3            delayms(250);  //为了使发光二极管具有逐渐亮起来的感觉
  26   3            delayms(250);  //就延时长点
  27   3            delayms(250);
  28   3          } 
  29   2            WR1=0;  
  30   2          for(i=50;i>0;i--)
  31   2          {
  32   3            WR1=1;
  33   3            P0=i;
  34   3            _nop_();
  35   3            WR1=0;
  36   3            delayms(250);
  37   3            delayms(250);
  38   3            delayms(250);
  39   3          } 
  40   2        } 
  41   1      }
  42          
  43          void delayms(unsigned char t)
  44          {
  45   1        unsigned char x,y;
  46   1        for(x=t;x>0;x--)
  47   1          for(y=110;y>0;y--);
  48   1      }


MODULE INFORMATION:   STATIC OVERLAYABLE
   CODE SIZE        =    117    ----
   CONSTANT SIZE    =   ----    ----
   XDATA SIZE       =   ----    ----
   PDATA SIZE       =   ----    ----
C51 COMPILER V9.59.0.0   PXH                                                               05/17/2017 15:23:03 PAGE 2   

   DATA SIZE        =   ----       1
   IDATA SIZE       =   ----    ----
   BIT SIZE         =   ----    ----
END OF MODULE INFORMATION.


C51 COMPILATION COMPLETE.  0 WARNING(S),  0 ERROR(S)
