C51 COMPILER V9.01   TXT                                                                   11/17/2020 23:04:46 PAGE 1   


C51 COMPILER V9.01, COMPILATION OF MODULE TXT
OBJECT MODULE PLACED IN txt.OBJ
COMPILER INVOKED BY: D:\KEILC51\C51\BIN\C51.EXE txt.c BROWSE DEBUG OBJECTEXTEND

line level    source

   1          #include<reg52.h>
   2          delay(unsigned int i)
   3          {
   4   1              while(i--);
   5   1      }
   6          int  main()
   7          {
   8   1              int i;
   9   1              while(1)
  10   1              {
  11   2                      for(i=0;i<8;i++)
  12   2                      {
  13   3                              P0=~(0x01<<i);
  14   3                              delay(30000);
  15   3                      }
  16   2              }
  17   1              return 0;
  18   1      }
*** WARNING C290 IN LINE 5 OF TXT.C: missing return value


MODULE INFORMATION:   STATIC OVERLAYABLE
   CODE SIZE        =     50    ----
   CONSTANT SIZE    =   ----    ----
   XDATA SIZE       =   ----    ----
   PDATA SIZE       =   ----    ----
   DATA SIZE        =   ----    ----
   IDATA SIZE       =   ----    ----
   BIT SIZE         =   ----    ----
END OF MODULE INFORMATION.


C51 COMPILATION COMPLETE.  1 WARNING(S),  0 ERROR(S)
