C51 COMPILER V9.52.0.0   PXH                                                               03/10/2017 13:45:06 PAGE 1   


C51 COMPILER V9.52.0.0, COMPILATION OF MODULE PXH
OBJECT MODULE PLACED IN pxh.OBJ
COMPILER INVOKED BY: E:\keil4\C51\BIN\C51.EXE pxh.c BROWSE DEBUG OBJECTEXTEND TABS(2)

line level    source

   1          /********************************
   2          **名称：数据存储器扩展实验
   3          **功能：通过片外RAM来进行流水灯现象
   4          **时间：2017.3.10
   5          *********************************/
   6          #include <reg52.h>
   7          unsigned char xdata tab[]={0x01,0x02,0x04,0x08,0x10,0x20,0x40,0x80};
   8          void delay(unsigned char t);
   9          void main(void)
  10          {
  11   1        unsigned char xdata i;
  12   1        while(1)
  13   1        {
  14   2          for(i=0;i<8;i++)
  15   2          {
  16   3            P1=tab[i];
  17   3            delay(250);
  18   3          } 
  19   2        }
  20   1      }
  21          
  22          void delay(unsigned char t)
  23          {
  24   1        unsigned char xdata i,j;
  25   1        for(i=t;i>0;i--)
  26   1          for(j=110;j>0;j--);
  27   1      }


MODULE INFORMATION:   STATIC OVERLAYABLE
   CODE SIZE        =     77    ----
   CONSTANT SIZE    =   ----    ----
   XDATA SIZE       =      8       3
   PDATA SIZE       =   ----    ----
   DATA SIZE        =   ----    ----
   IDATA SIZE       =   ----    ----
   BIT SIZE         =   ----    ----
END OF MODULE INFORMATION.


C51 COMPILATION COMPLETE.  0 WARNING(S),  0 ERROR(S)
