C51 COMPILER V9.52.0.0   PXH                                                               03/13/2017 14:10:19 PAGE 1   


C51 COMPILER V9.52.0.0, COMPILATION OF MODULE PXH
OBJECT MODULE PLACED IN pxh.OBJ
COMPILER INVOKED BY: E:\keil4\C51\BIN\C51.EXE pxh.c BROWSE DEBUG OBJECTEXTEND TABS(2)

line level    source

   1          /********************************
   2          **名称：IIC 总线24C01读写实验
   3          **功能：把流水灯的8个数据存储到24C01中
   4          **时间：2017.3.13
   5          *********************************/
   6          #include<reg52.h>
   7          
   8          #define uchar unsigned char
   9          
  10          sbit SCL=P1^4;
  11          sbit SDA=P1^5;
  12          
  13          uchar code tab[]={0x01,0x02,0x04,0x08,0x10,0x20,0x40,0x80};
  14          
  15          void init(void);
  16          void start(void);
  17          void stop(void);
  18          void respons(void);
  19          void writebyte(uchar date);
  20          uchar readbyte(void);
  21          void writeadd(uchar address,uchar info);
  22          uchar readadd(uchar address);
  23          void delay(void);
  24          void delayms(uchar);
  25          
  26          void main(void)
  27          {
  28   1        uchar i;
  29   1        init();
  30   1        for(i=0;i<8;i++)
  31   1        {
  32   2          writeadd(i+1,tab[i]);
  33   2          delayms(100);
  34   2        }
  35   1        while(1)
  36   1        { 
  37   2          for(i=0;i<8;i++)
  38   2          {
  39   3            P0=readadd(i+1);
  40   3            delayms(250);  delayms(250); delayms(250);
  41   3          }
  42   2        }   
  43   1      
  44   1      }
  45          
  46          void init(void)
  47          {
  48   1        SDA=1;     //总线初始化，此时任何从器件都不占用总线
  49   1        delay();
  50   1        SCL=1;
  51   1        delay();  
  52   1      }
  53          void start(void)
  54          {
  55   1        SDA=1;
C51 COMPILER V9.52.0.0   PXH                                                               03/13/2017 14:10:19 PAGE 2   

  56   1        delay();
  57   1        SCL=1;
  58   1        delay();
  59   1        SDA=0;
  60   1        delay();
  61   1      }
  62          void stop(void)
  63          {
  64   1        SDA=0;
  65   1        delay();
  66   1        SCL=1;
  67   1        delay();
  68   1        SDA=1;
  69   1        delay();
  70   1      }
  71          void respons(void)
  72          {
  73   1        uchar i;
  74   1        SCL=1;
  75   1        delay();
  76   1        while((SDA==1)&&(i<250)) i++; 
  77   1        SCL=0;
  78   1        delay();
  79   1      }
  80          void writebyte(uchar date) // 写一个字节
  81          {
  82   1        uchar i,temp;
  83   1        temp=date;
  84   1        for(i=0;i<8;i++)
  85   1        {
  86   2          temp=temp<<1;
  87   2          SCL=0;
  88   2          delay();
  89   2          SDA=CY;
  90   2          delay();
  91   2          SCL=1;
  92   2          delay();
  93   2        }
  94   1        SCL=0;
  95   1        delay();
  96   1        SDA=1;    //释放总线 ，以便respons应答
  97   1        delay();
  98   1      }
  99          uchar readbyte(void)
 100          {
 101   1        uchar i,result;
 102   1        SCL=0;
 103   1        delay();
 104   1        SDA=1;
 105   1        delay();
 106   1        for(i=0;i<8;i++)
 107   1        {
 108   2          SCL=1;
 109   2          delay();
 110   2          result=(result<<1)|SDA;
 111   2          SCL=0;
 112   2          delay();      
 113   2        }
 114   1        return result;
 115   1      }
 116          void writeadd(uchar address,uchar info)
 117          {
C51 COMPILER V9.52.0.0   PXH                                                               03/13/2017 14:10:19 PAGE 3   

 118   1        start();
 119   1        writebyte(0xa0);
 120   1        respons();
 121   1        writebyte(address);
 122   1        respons();
 123   1        writebyte(info);
 124   1        respons();
 125   1        stop();
 126   1      }
 127          uchar readadd(uchar address)
 128          {
 129   1        uchar date;
 130   1        start();
 131   1        writebyte(0xa0);
 132   1        respons();
 133   1        writebyte(address);
 134   1        respons();
 135   1        start();
 136   1        writebyte(0xa1);
 137   1        respons();
 138   1        date=readbyte();
 139   1        stop();
 140   1        return date;
 141   1          
 142   1      }
 143          void delay(void)
 144          {
 145   1        ;;
 146   1      }
 147          void delayms(uchar t)
 148          {
 149   1        uchar i,j;
 150   1        for(i=t;i>0;i--)
 151   1          for(j=110;j>0;j--);
 152   1      }


MODULE INFORMATION:   STATIC OVERLAYABLE
   CODE SIZE        =    320    ----
   CONSTANT SIZE    =      8    ----
   XDATA SIZE       =   ----    ----
   PDATA SIZE       =   ----    ----
   DATA SIZE        =   ----      10
   IDATA SIZE       =   ----    ----
   BIT SIZE         =   ----    ----
END OF MODULE INFORMATION.


C51 COMPILATION COMPLETE.  0 WARNING(S),  0 ERROR(S)
