C51 COMPILER V9.52.0.0   PXH                                                               03/14/2017 11:02:56 PAGE 1   


C51 COMPILER V9.52.0.0, COMPILATION OF MODULE PXH
OBJECT MODULE PLACED IN pxh.OBJ
COMPILER INVOKED BY: E:\keil4\C51\BIN\C51.EXE pxh.c BROWSE DEBUG OBJECTEXTEND TABS(2)

line level    source

   1          /********************************
   2          **名称：触摸式查询键盘实验
   3          **功能：每按下一个按键盘，在数码管上显示对应显示一个数字。
   4          **时间：2017.3.10
   5          *********************************/
   6          #include<reg52.h>
   7          unsigned char key=8;
   8          unsigned char code tab[]={0xc0,0xf9,0xa4,0xb0,0x99,0x92,0x82,0xf8,
   9                    0x80,0x90,0x88,0x83,0xc6,0xa1,0x86,0x8e,0xff};
  10                          //共阳数码管段码0-9，a-f，灰
  11          unsigned char scankey();
  12          void display(unsigned char *pl);
  13          void delayms(unsigned char t);
  14          void main()
  15          {
  16   1        while(1)
  17   1        {
  18   2          key=scankey();
  19   2          display(&key);    
  20   2        }
  21   1      }
  22          
  23          unsigned char scankey()
  24          {
  25   1        static unsigned char num;
  26   1        if(P3!=0xff)
  27   1        {
  28   2          delayms(5);
  29   2          if(P3!=0xff)
  30   2          {
  31   3            switch(P3)
  32   3            {
  33   4              case 0xfe: num=0; 
  34   4                       break;
  35   4              case 0xfd: num=1; 
  36   4                     break;
  37   4              case 0xfb: num=2; 
  38   4                     break;
  39   4              case 0xf7: num=3; 
  40   4                     break;
  41   4              case 0xef: num=4;
  42   4                     break;
  43   4              case 0xdf: num=5;
  44   4                     break;
  45   4              case 0xbf: num=6; 
  46   4                     break;
  47   4              case 0x7f: num=7; 
  48   4                     break;
  49   4              default:
  50   4                         break;
  51   4            }
  52   3          }
  53   2        }
  54   1        return num;
  55   1      }
C51 COMPILER V9.52.0.0   PXH                                                               03/14/2017 11:02:56 PAGE 2   

  56          /********************************************************
  57          **名称：显示子函数       
  58          **功能：动态扫描P2口做为位选，P0口送段码
  59          **输入：pl指向要显示数据的地址，最后一位
  60          **返回：无
  61          *******************************************************/
  62          void display(unsigned char *pl)
  63          {
  64   1        P2=0x01;
  65   1        P0=tab[*pl]; 
  66   1        delayms(5);
  67   1        P0=0xff;     
  68   1      }
  69          void delayms(unsigned char t)
  70          {
  71   1        unsigned char x,y;
  72   1        for(x=t;x>0;x--)
  73   1          for(y=110;y>0;y--);
  74   1      }


MODULE INFORMATION:   STATIC OVERLAYABLE
   CODE SIZE        =    141    ----
   CONSTANT SIZE    =     17    ----
   XDATA SIZE       =   ----    ----
   PDATA SIZE       =   ----    ----
   DATA SIZE        =      2    ----
   IDATA SIZE       =   ----    ----
   BIT SIZE         =   ----    ----
END OF MODULE INFORMATION.


C51 COMPILATION COMPLETE.  0 WARNING(S),  0 ERROR(S)
