C51 COMPILER V9.52.0.0   PXH                                                               03/14/2017 11:01:06 PAGE 1   


C51 COMPILER V9.52.0.0, COMPILATION OF MODULE PXH
OBJECT MODULE PLACED IN pxh.OBJ
COMPILER INVOKED BY: E:\keil4\C51\BIN\C51.EXE pxh.c BROWSE DEBUG OBJECTEXTEND TABS(2)

line level    source

   1          /*************************************************
   2          **名称：并行口转换串行口实验(IO口模拟)
   3          **时间：2017.3.14
   4          *************************************************/
   5          #include <reg52.h> 
   6          #include <intrins.h>
   7          
   8          #define uchar unsigned char 
   9          #define uint unsigned int 
  10          
  11          sbit pl=P1^0;  
  12          sbit clk=P1^1; 
  13          sbit dat =P1^2;
  14          
  15          uchar conver_seir()
  16          {
  17   1        uchar i,buf ;
  18   1        pl=0;    //置入并行数据
  19   1        _nop_();
  20   1        pl=1;   //启动串行移位，准备好
  21   1        clk=0;
  22   1        for(i=0;i<8;i++)
  23   1        {
  24   2          ACC=ACC>>1;
  25   2          clk=0;
  26   2          if(dat==1)
  27   2          ACC=ACC|0X80;
  28   2          clk=1;      //上升沿脉冲
  29   2          buf=ACC;  //将串行移出的8位数据存在DATA_data中
  30   2        } 
  31   1        return(buf);
  32   1      }
  33          
  34          void main()
  35          {
  36   1        P2=0xff;
  37   1        ACC=0X00;
  38   1        while(1)
  39   1        {
  40   2          P2=conver_seir();
  41   2        }
  42   1      }


MODULE INFORMATION:   STATIC OVERLAYABLE
   CODE SIZE        =     36    ----
   CONSTANT SIZE    =   ----    ----
   XDATA SIZE       =   ----    ----
   PDATA SIZE       =   ----    ----
   DATA SIZE        =   ----    ----
   IDATA SIZE       =   ----    ----
   BIT SIZE         =   ----    ----
END OF MODULE INFORMATION.


C51 COMPILATION COMPLETE.  0 WARNING(S),  0 ERROR(S)
