C51 COMPILER V9.52.0.0   RESP                                                              10/31/2019 13:47:01 PAGE 1   


C51 COMPILER V9.52.0.0, COMPILATION OF MODULE RESP
OBJECT MODULE PLACED IN resp.OBJ
COMPILER INVOKED BY: E:\Keil4\C51\BIN\C51.EXE resp.c BROWSE DEBUG OBJECTEXTEND TABS(2)

line level    source

   1          #include<reg51.h>
   2          #define uchar unsigned char
   3          #define uint unsigned int
   4          
   5          char s;
   6          uchar num=0;
   7          char time=20;         //抢答时间
   8          char datitime=30;        //答题限时时间
   9          uint tt,t1;           //T0,T1定时器定一秒时
  10          
  11          bit flag,s_flag=1,b_flag,fall_flag;        //标志位
  12          bit K_startcountflag,K_timecountflag;        //时间调整标志位
  13          
  14          sbit K0=P3^6;///
  15          sbit beep=P3^7;         //蜂鸣器输出口
  16          sbit rled=P3^5;  /////              //指示灯输出口
  17          
  18          sbit K1=P1^0;               
  19          sbit K2=P1^1;
  20          sbit K3=P1^2;
  21          sbit K4=P1^3;
  22          
  23          sbit K_Time=P3^2;              //答题计时键
  24          //sbit K_startcount=P3^3;        //开始抢答时间调整键
  25          //sbit K_timecount=P3^4;         //答题计时时间调整键
  26          
  27          void delay(uchar ms)
  28          {
  29   1              uchar y;
  30   1              for(;ms>0;ms--)
  31   1                      for(y=120;y>0;y--);
  32   1      }
  33          uchar code tabledu[]=
  34          {
  35              0xc0,0xf9,0xa4,0xb0,      
  36              0x99,0x92,0x82,0xf8,
  37              0x80,0x90,0x88,0x83,
  38              0xc6,0xa1,0x86,0x8e,
  39          };
  40          uchar code tablewe[]={0X01,0X02,0X04,0X08};
  41          void T0_Init(void)
  42          {
  43   1              TMOD=0X01;
  44   1              TH0=(65536-2000)/256;
  45   1              TL0=(65536-2000)%256;
  46   1              TH1=(65536-2000)/256;
  47   1              TL1=(65536-2000)%256;
  48   1              ET0=1;
  49   1              ET1=1;
  50   1              EA=1;
  51   1              P0=0;
  52   1      }
  53          void Key_Scan(void)                //开始键扫描,检测开始键是否按下
  54          {
  55   1              if(K0==0)
C51 COMPILER V9.52.0.0   RESP                                                              10/31/2019 13:47:01 PAGE 2   

  56   1              {
  57   2                      delay(10);
  58   2                      if(K0==0)
  59   2                      {
  60   3                              while(!K0);
  61   3                              TR0=1;
  62   3                              s=time;
  63   3                              tt=0;
  64   3                              flag=1;
  65   3                              s_flag=1;
  66   3                              b_flag=1;
  67   3                              num=0;
  68   3                              beep=1;
  69   3                              rled=1;
  70   3                              fall_flag=0;        //清除违规标志位
  71   3      //                        K_startcountflag=0;
  72   3      //                        K_timecountflag=0;
  73   3                      }
  74   2              }
  75   1      }
  76          
  77          void Scan(void)                               //四路热键扫描(哪个键先按下,哪个优先级最高)
  78          {
  79   1              if(K1==0)
  80   1              {
  81   2                      delay(10);
  82   2                      if(K1==0)
  83   2                      {
  84   3                              while(!K1);
  85   3                              num=1;                //数码管显示1号"1"
  86   3                              TR0=0;                //关闭定时器0,时间停止
  87   3                              TR1=1;                //打开定时器1,使扬声器响一声
  88   3                              s_flag=0;             //关闭开始键标志位,使再按其他三个键不会响应
  89   3                      }
  90   2              }
  91   1              if(K2==0)                             //下面三个键的处理同上
  92   1              {
  93   2                      delay(10);
  94   2                      if(K2==0)
  95   2                      {
  96   3                              while(!K2);
  97   3                              num=2;               
  98   3                              TR0=0;
  99   3                              TR1=1;
 100   3                              s_flag=0;             //重要
 101   3                      }
 102   2              }
 103   1              if(K3==0)
 104   1              {
 105   2                      delay(10);
 106   2                      if(K3==0)
 107   2                      {
 108   3                              while(!K3);
 109   3                              num=3;
 110   3                              TR0=0;
 111   3                              TR1=1;
 112   3                              s_flag=0;
 113   3                      }
 114   2              }
 115   1              if(K4==0)
 116   1              {
 117   2                      delay(10);
C51 COMPILER V9.52.0.0   RESP                                                              10/31/2019 13:47:01 PAGE 3   

 118   2                      if(K4==0)
 119   2                      {
 120   3                              while(!K4);
 121   3                              num=4;
 122   3                              TR0=0;
 123   3                              TR1=1;
 124   3                              s_flag=0;
 125   3                      }
 126   2              }
 127   1      }
 128          void display(void)
 129          {
 130   1              if(flag==1)                //开始键按下,开始计时抢答
 131   1              {
 132   2                      if(num!=0)         //如果有人抢答,则显示相应的几号
 133   2                      {
 134   3                              P0=tabledu[num];        //显示几号抢到了
 135   3                              P2=tablewe[0];
 136   3                              delay(2);
 137   3                              P0=0;
 138   3                              P2=0X01;
 139   3                      }
 140   2                      else                            //否则没人抢答,则前面不显示几号
 141   2                      {
 142   3                              P0=0;               
 143   3                              P2=0X01;
 144   3                      }
 145   2                      P0=tabledu[s/10];                //下面为显示抢答倒计时
 146   2                      P2=tablewe[2];
 147   2                      delay(2);
 148   2                      P0=0;
 149   2                      P2=0X04;
 150   2                      
 151   2                      P0=tabledu[s%10];
 152   2                      P2=tablewe[3];
 153   2                      delay(2);
 154   2                      P0=0;
 155   2                      P2=0X08;
 156   2                     
 157   2                      
 158   2              }
 159   1                     
 160   1      }
 161          //void Time_Scan(void)                //调整时间键扫描
 162          //{
 163          //        if(K_startcount==0)                //抢答时间调整
 164          //        {
 165          //                delay(10);
 166          //                if(K_startcount==0)       
 167          //                {
 168          //                        while(!K_startcount);
 169          //                        time++;                       
 170          //                        if(time==50)
 171          //                        {
 172          //                                time=20;
 173          //                        }
 174          //                        K_startcountflag=1;        //将抢答时间标志位置1
 175          //                        K_timecountflag=0;        //同时关闭答题时间标志位
 176          //                }
 177          //        }
 178          //        if(K_timecount==0)                //答题时间调整
 179          //        {
C51 COMPILER V9.52.0.0   RESP                                                              10/31/2019 13:47:01 PAGE 4   

 180          //                delay(10);
 181          //                if(K_timecount==0)
 182          //                {
 183          //                        while(!K_timecount);
 184          //                        datitime++;
 185          //                        if(datitime==60)
 186          //                        {
 187          //                                datitime=30;
 188          //                        }
 189          //                        K_timecountflag=1;
 190          //                        K_startcountflag=0;
 191          //                }
 192          //        }
 193          //}
 194          void main(void)
 195          {
 196   1              T0_Init();
 197   1              while(1)
 198   1              {
 199   2                      Key_Scan();                //开始键扫描
 200   2      //                if((flag==0)&(s_flag==1))        //当开始键没按下及没有人违规时才可进行时间调整
 201   2      //                {
 202   2      //                        Time_Scan();
 203   2      //                }
 204   2                      if((flag==1)&(s_flag==0))//当开始键按下及有人抢答才进行开始回答计时倒计时
 205   2                      {
 206   3                              if(K_Time==0)
 207   3                              {
 208   4                                      delay(10);
 209   4                                      if(K_Time==0)
 210   4                                      {
 211   5                                              while(!K_Time);
 212   5                                              s=datitime;
 213   5                                              TR0=1;
 214   5                                              tt=0;
 215   5                                              TR1=1;
 216   5                                      }
 217   4                              }
 218   3                      }       
 219   2                      if((flag==0)&(s_flag==1))        //违规
 220   2                      {
 221   3                              Scan();
 222   3                              if(num!=0)                //开始键没有按下时,有人按下了抢答器,则置违规标志位
 223   3                              {
 224   4                                      fall_flag=1;
 225   4                                      rled=0;
 226   4                              }
 227   3                      }
 228   2                      if((flag==1)&(s_flag==1))        //如果开始键按下且抢答键没有人按下,则进行八路抢答键扫描
 229   2                      {
 230   3                              Scan();
 231   3                      }       
 232   2                      display();                //显示到数码管上
 233   2              }
 234   1      }
 235          void timer0(void) interrupt 1
 236          {
 237   1              TH0=(65536-2000)/256;        //2ms
 238   1              TL0=(65536-2000)%256;
 239   1              if(b_flag)        //开始(START)键按下,嘟一声(长1秒),表示开始抢答
 240   1              {
 241   2                      beep=~beep;
C51 COMPILER V9.52.0.0   RESP                                                              10/31/2019 13:47:01 PAGE 5   

 242   2              }
 243   1              else
 244   1              beep=1;
 245   1              if(s<5)        //抢答时间快到报警,隔1秒响一声且红灯闪烁,响三声
 246   1              {
 247   2                      if(s%2==0)
 248   2                      {
 249   3                              b_flag=1;
 250   3                              rled=0;       
 251   3                      }
 252   2                      else
 253   2                      {
 254   3                              b_flag=0;
 255   3                              rled=1;
 256   3                      }
 257   2              }
 258   1              tt++;       
 259   1              if(tt==500)                //1秒
 260   1              {
 261   2                      tt=0;
 262   2                      s--;
 263   2                      b_flag=0;        //关闭开始键按下响一秒的嘟声
 264   2                      if(s==-1)
 265   2                      {
 266   3                              s=20;       
 267   3                              TR0=0;
 268   3                              flag=0;        //显示F FF
 269   3                              s_flag=1;
 270   3                              num=0;
 271   3                              rled=1;
 272   3                      }
 273   2              }
 274   1      }
 275          void timer1(void) interrupt 3        //定时器1处理有人按下抢答器嘟一声(长1秒)
 276          {
 277   1              TH1=(65536-2000)/256;
 278   1              TL1=(65536-2000)%256;
 279   1              beep=~beep;
 280   1              t1++;
 281   1              if(t1==500)
 282   1              {
 283   2                      t1=0;
 284   2                      TR1=0;
 285   2              }
 286   1      }


MODULE INFORMATION:   STATIC OVERLAYABLE
   CODE SIZE        =    591    ----
   CONSTANT SIZE    =     20    ----
   XDATA SIZE       =   ----    ----
   PDATA SIZE       =   ----    ----
   DATA SIZE        =      8    ----
   IDATA SIZE       =   ----    ----
   BIT SIZE         =      6    ----
END OF MODULE INFORMATION.


C51 COMPILATION COMPLETE.  0 WARNING(S),  0 ERROR(S)
