C51 COMPILER V9.59.0.0   PWM                                                               05/16/2017 15:46:03 PAGE 1   


C51 COMPILER V9.59.0.0, COMPILATION OF MODULE PWM
OBJECT MODULE PLACED IN pwm.OBJ
COMPILER INVOKED BY: C:\Keil_v5\C51\BIN\C51.EXE pwm.c OPTIMIZE(8,SPEED) BROWSE DEBUG OBJECTEXTEND TABS(2)

line level    source

   1          #include<reg52.h>
   2          sbit   output=P1^1 ;
   3          unsigned  char  num=1;
   4          unsigned  int  a=70;   //pwm占空比7:3，通过改变此值来改变占空比：  1<=a<=100
   5          
   6          void Init(void)
   7          {
   8   1         TMOD=0x01;
   9   1         TH0=(65535-1000)/256;    //（65535-1000）为定时器初值，定时10ms
  10   1         TL0=(65535-1000)%256;
  11   1         EA=1;
  12   1         ET0=1;
  13   1         TR0=1;
  14   1      }
  15          
  16          void  main(void)
  17          {
  18   1        Init();
  19   1        while(1)
  20   1        {
  21   2          if(num<=a)
  22   2            output=1;
  23   2          else
  24   2            output=0;
  25   2        }
  26   1      }
  27          
  28          void Timer_0()  interrupt  1
  29          {
  30   1          TH0=(65535-1000)/256;
  31   1          TL0=(65535-1000)%256;
  32   1        
  33   1          num++;
  34   1        
  35   1          if(num>100)
  36   1               num=1;
  37   1      }


MODULE INFORMATION:   STATIC OVERLAYABLE
   CODE SIZE        =     68    ----
   CONSTANT SIZE    =   ----    ----
   XDATA SIZE       =   ----    ----
   PDATA SIZE       =   ----    ----
   DATA SIZE        =      3    ----
   IDATA SIZE       =   ----    ----
   BIT SIZE         =   ----    ----
END OF MODULE INFORMATION.


C51 COMPILATION COMPLETE.  0 WARNING(S),  0 ERROR(S)
