C51 COMPILER V9.59.0.0   PXH                                                               05/17/2017 14:24:50 PAGE 1   


C51 COMPILER V9.59.0.0, COMPILATION OF MODULE PXH
OBJECT MODULE PLACED IN pxh.OBJ
COMPILER INVOKED BY: C:\Keil_v5\C51\BIN\C51.EXE pxh.c OPTIMIZE(8,SPEED) BROWSE DEBUG OBJECTEXTEND TABS(2)

line level    source

   1          /*************************************************
   2          **名称：LCD显示实验
   3          **功能：在液晶显示模块上显示zhejiang Qiu Shi,jiaoxueyiqi.
   4          **时间：2017.3.13
   5          *************************************************/
   6          #include<reg52.h>
   7          #define uchar unsigned char
   8          sbit lcdEN=P1^0;  //使能信号
   9          sbit lcdRW=P1^1;  //读、写选择
  10          sbit lcdRS=P1^2;  //数据、命令选择
  11          uchar code tab[]="Zhejiang Qiu Shi";
  12          uchar code tabl[]="Jiao Xue Yi Qi";
  13          void delayms(uchar t);
  14          void write_dat(uchar dat);
  15          void write_com(uchar com);
  16          void init(void);
  17          void main(void)
  18          {
  19   1        uchar i;
  20   1        init();
  21   1        for(i=0;i<16;i++)
  22   1          write_dat(tab[i]);
  23   1        write_com(0x80+0x40);
  24   1        for(i=0;i<14;i++)
  25   1          write_dat(tabl[i]);
  26   1        while(1);
  27   1      }
  28          /*************************************************
  29          **名    称：初始化子函数
  30          **入口参数：无
  31          **返 回 值：无
  32          *************************************************/
  33          void init(void)
  34          {
  35   1        lcdRW=0;               //一直是写命令、写数据
  36   1        write_com(0x38);     //显示模式设置
  37   1        delayms(5);        
  38   1        write_com(0x0c);     //显示开关、光标的设置
  39   1        delayms(5);
  40   1        write_com(0x06);     //地址指针设置
  41   1        delayms(5); 
  42   1        write_com(0x01);     //显示清屏
  43   1      }
  44          /*************************************************
  45          **名    称：写命令子函数
  46          **入口参数：状态字    （相关时序）
  47          **返 回 值：无
  48          *************************************************/
  49          void write_com(uchar com)
  50          {
  51   1        lcdEN=0;
  52   1        lcdRS=1;
  53   1        delayms(10);
  54   1        lcdRS=0;
  55   1        P0=com;
C51 COMPILER V9.59.0.0   PXH                                                               05/17/2017 14:24:50 PAGE 2   

  56   1        delayms(5);
  57   1        lcdEN=1;
  58   1        delayms(5);
  59   1        lcdEN=0;
  60   1      }
  61          /*************************************************
  62          **名    称：写数据子函数
  63          **入口参数：显示的字符    （相关时序）
  64          **返 回 值：无
  65          *************************************************/
  66          void write_dat(uchar dat)
  67          {
  68   1        lcdEN=0;
  69   1        lcdRS=0;
  70   1        delayms(10);
  71   1        lcdRS=1;
  72   1        P0=dat;
  73   1        delayms(5);
  74   1        lcdEN=1;
  75   1        delayms(5);
  76   1        lcdEN=0;
  77   1      }
  78          void delayms(uchar t)
  79          {
  80   1        uchar x,y;
  81   1        for(x=t;x>0;x--)
  82   1          for(y=110;y>0;y--);
  83   1      }


MODULE INFORMATION:   STATIC OVERLAYABLE
   CODE SIZE        =    194    ----
   CONSTANT SIZE    =     32    ----
   XDATA SIZE       =   ----    ----
   PDATA SIZE       =   ----    ----
   DATA SIZE        =   ----       3
   IDATA SIZE       =   ----    ----
   BIT SIZE         =   ----    ----
END OF MODULE INFORMATION.


C51 COMPILATION COMPLETE.  0 WARNING(S),  0 ERROR(S)
